make --dry-run --keep-going --print-directory
make: Entering directory '/mnt/nfs/homes/rasaboun/Documents/ft_irc'
clang++ -I include/ -g -c srcs/main.cpp -o objs/main.o
echo Compiling : srcs/main.cpp "Okay"
clang++ -I include/ -g -c srcs/error.cpp -o objs/error.o
echo Compiling : srcs/error.cpp "Okay"
clang++ -I include/ -g -c srcs/syntax.cpp -o objs/syntax.o
echo Compiling : srcs/syntax.cpp "Okay"
clang++ -I include/ -g -c srcs/utils.cpp -o objs/utils.o
echo Compiling : srcs/utils.cpp "Okay"
clang++ -I include/ -g -c srcs/connexion.cpp -o objs/connexion.o
echo Compiling : srcs/connexion.cpp "Okay"
clang++ -I include/ -g -c srcs/messages.cpp -o objs/messages.o
echo Compiling : srcs/messages.cpp "Okay"
clang++ -I include/ -g -c srcs/channels.cpp -o objs/channels.o
echo Compiling : srcs/channels.cpp "Okay"
clang++ -I include/ -g -c srcs/server.cpp -o objs/server.o
echo Compiling : srcs/server.cpp "Okay"
 
clang++ -I include/ -g -c srcs/replies.cpp -o objs/replies.o
echo Compiling : srcs/replies.cpp "Okay"
clang++ -I include/ -g -c srcs/Client.cpp -o objs/Client.o
echo Compiling : srcs/Client.cpp "Okay"
 
clang++ -I include/ -g -c srcs/Command.cpp -o objs/Command.o
echo Compiling : srcs/Command.cpp "Okay"
clang++ -I include/ -g -c srcs/Message.cpp -o objs/Message.o
echo Compiling : srcs/Message.cpp "Okay"
clang++ -I include/ -g -c srcs/Channel.cpp -o objs/Channel.o
echo Compiling : srcs/Channel.cpp "Okay"
 
clang++ -I include/ -g -c srcs/Ircserv.cpp -o objs/Ircserv.o
echo Compiling : srcs/Ircserv.cpp "Okay"
clang++  -I include/ srcs/main.cpp srcs/error.cpp srcs/syntax.cpp srcs/utils.cpp srcs/connexion.cpp srcs/messages.cpp srcs/channels.cpp srcs/server.cpp srcs/replies.cpp srcs/Client.cpp srcs/Command.cpp srcs/Message.cpp srcs/Channel.cpp srcs/Ircserv.cpp -o ircserv
make: Leaving directory '/mnt/nfs/homes/rasaboun/Documents/ft_irc'
 
